[ 2017-04-18T09:24:21+08:00 ] 127.0.0.1 /siyue/3.13zhoukao/index.php
INFO: [ app_init ] --START--
INFO: Run Behavior\BuildLiteBehavior [ RunTime:0.000041s ]
INFO: [ app_init ] --END-- [ RunTime:0.002653s ]
INFO: [ app_begin ] --START--
INFO: Run Behavior\ReadHtmlCacheBehavior [ RunTime:0.003689s ]
INFO: [ app_begin ] --END-- [ RunTime:0.003951s ]
NOTIC: [2048] Declaration of Home\Controller\IndexController::show() should be compatible with that of Think\Controller::show() D:\wamp\apache\htdocs\siyue\3.13zhoukao\APPS\Home\Controller\IndexController.class.php 第 56 行.
SQL: SHOW COLUMNS FROM `studentss` [ RunTime:0.0689s ]
SQL: SELECT * FROM `studentss`  [ RunTime:0.0043s ]
INFO: [ view_parse ] --START--
INFO: [ template_filter ] --START--
INFO: Run Behavior\ContentReplaceBehavior [ RunTime:0.000081s ]
INFO: [ template_filter ] --END-- [ RunTime:0.000181s ]
INFO: Run Behavior\ParseTemplateBehavior [ RunTime:0.039304s ]
INFO: [ view_parse ] --END-- [ RunTime:0.039430s ]
INFO: [ view_filter ] --START--
INFO: Run Behavior\WriteHtmlCacheBehavior [ RunTime:0.011394s ]
INFO: [ view_filter ] --END-- [ RunTime:0.011492s ]
INFO: [ app_end ] --START--
INFO: Run Behavior\ShowPageTraceBehavior [ RunTime:0.034638s ]
INFO: [ app_end ] --END-- [ RunTime:0.034807s ]

