[ 2017-06-21T14:54:17+08:00 ] 127.0.0.1 /siyue/3.13zhoukao/index.php
INFO: [ app_init ] --START--
INFO: Run Behavior\BuildLiteBehavior [ RunTime:0.000037s ]
INFO: [ app_init ] --END-- [ RunTime:0.002579s ]
INFO: [ app_begin ] --START--
INFO: Run Behavior\ReadHtmlCacheBehavior [ RunTime:0.003555s ]
INFO: [ app_begin ] --END-- [ RunTime:0.003723s ]
NOTIC: [2048] Declaration of Home\Controller\IndexController::show() should be compatible with that of Think\Controller::show() D:\wamp\apache\htdocs\siyue\3.13zhoukao\APPS\Home\Controller\IndexController.class.php 第 56 行.
SQL: SHOW COLUMNS FROM `studentss` [ RunTime:0.2796s ]
SQL: SELECT * FROM `studentss`  [ RunTime:0.0044s ]
INFO: [ view_parse ] --START--
INFO: [ template_filter ] --START--
INFO: Run Behavior\ContentReplaceBehavior [ RunTime:0.000186s ]
INFO: [ template_filter ] --END-- [ RunTime:0.000500s ]
INFO: Run Behavior\ParseTemplateBehavior [ RunTime:0.078791s ]
INFO: [ view_parse ] --END-- [ RunTime:0.079025s ]
INFO: [ view_filter ] --START--
INFO: Run Behavior\WriteHtmlCacheBehavior [ RunTime:0.047984s ]
INFO: [ view_filter ] --END-- [ RunTime:0.048188s ]
INFO: [ app_end ] --START--
INFO: Run Behavior\ShowPageTraceBehavior [ RunTime:0.033966s ]
INFO: [ app_end ] --END-- [ RunTime:0.034215s ]

