[ 2017-12-21T08:25:40+08:00 ] ::1 /pet/
INFO: [ app_init ] --START--
INFO: Run Behavior\BuildLiteBehavior [ RunTime:0.000021s ]
INFO: [ app_init ] --END-- [ RunTime:0.002579s ]
INFO: [ app_begin ] --START--
INFO: Run Behavior\ReadHtmlCacheBehavior [ RunTime:0.001816s ]
INFO: [ app_begin ] --END-- [ RunTime:0.001910s ]
NOTIC: [2048] Declaration of Home\Controller\IndexController::show() should be compatible with Think\Controller::show($content, $charset = '', $contentType = '', $prefix = '') D:\phpStudy\WWW\pet\APPS\Home\Controller\IndexController.class.php 第 17 行.
SQL: SHOW COLUMNS FROM `type` [ RunTime:0.1564s ]
SQL: SELECT * FROM `type` WHERE ( pid=0 )  [ RunTime:0.0321s ]
INFO: [ view_parse ] --START--
INFO: [ template_filter ] --START--
INFO: Run Behavior\ContentReplaceBehavior [ RunTime:0.071649s ]
INFO: [ template_filter ] --END-- [ RunTime:0.071727s ]
NOTIC: [8] Use of undefined constant tid - assumed 'tid' D:\phpStudy\WWW\pet\APPS\Runtime\Cache\Home\f4a1c16996d17e78b00c3db1b8c5f15d.php 第 266 行.
NOTIC: [8] Use of undefined constant tid - assumed 'tid' D:\phpStudy\WWW\pet\APPS\Runtime\Cache\Home\f4a1c16996d17e78b00c3db1b8c5f15d.php 第 266 行.
NOTIC: [8] Use of undefined constant tid - assumed 'tid' D:\phpStudy\WWW\pet\APPS\Runtime\Cache\Home\f4a1c16996d17e78b00c3db1b8c5f15d.php 第 266 行.
NOTIC: [8] Use of undefined constant tid - assumed 'tid' D:\phpStudy\WWW\pet\APPS\Runtime\Cache\Home\f4a1c16996d17e78b00c3db1b8c5f15d.php 第 266 行.
NOTIC: [8] Use of undefined constant tid - assumed 'tid' D:\phpStudy\WWW\pet\APPS\Runtime\Cache\Home\f4a1c16996d17e78b00c3db1b8c5f15d.php 第 266 行.
NOTIC: [8] Use of undefined constant tid - assumed 'tid' D:\phpStudy\WWW\pet\APPS\Runtime\Cache\Home\f4a1c16996d17e78b00c3db1b8c5f15d.php 第 266 行.
INFO: Run Behavior\ParseTemplateBehavior [ RunTime:0.281342s ]
INFO: [ view_parse ] --END-- [ RunTime:0.281502s ]
INFO: [ view_filter ] --START--
INFO: Run Behavior\WriteHtmlCacheBehavior [ RunTime:0.008391s ]
INFO: [ view_filter ] --END-- [ RunTime:0.008503s ]
INFO: [ app_end ] --START--
INFO: Run Behavior\ShowPageTraceBehavior [ RunTime:0.005089s ]
INFO: [ app_end ] --END-- [ RunTime:0.005305s ]

[ 2017-12-21T08:36:38+08:00 ] ::1 /pet/index.php/Home/Pet/index/tid/22.html
INFO: [ app_init ] --START--
INFO: Run Behavior\BuildLiteBehavior [ RunTime:0.000012s ]
INFO: [ app_init ] --END-- [ RunTime:0.000801s ]
INFO: [ app_begin ] --START--
INFO: Run Behavior\ReadHtmlCacheBehavior [ RunTime:0.000927s ]
INFO: [ app_begin ] --END-- [ RunTime:0.000976s ]
SQL: SHOW COLUMNS FROM `type` [ RunTime:0.0067s ]
SQL: SELECT `tid`,`tname` FROM `type` WHERE ( tid = 0 )  [ RunTime:0.0611s ]
SQL: SELECT `tid`,`tname` FROM `type` WHERE ( pid=0 )  [ RunTime:0.0004s ]
SQL: SELECT `tname` FROM `type` WHERE ( tid = 22 ) LIMIT 1   [ RunTime:0.0075s ]
SQL: SELECT * FROM `type` WHERE ( status=1 and pid = 22 )  [ RunTime:0.0133s ]
INFO: [ view_parse ] --START--
INFO: [ template_filter ] --START--
INFO: Run Behavior\ContentReplaceBehavior [ RunTime:0.000106s ]
INFO: [ template_filter ] --END-- [ RunTime:0.000154s ]
INFO: Run Behavior\ParseTemplateBehavior [ RunTime:0.022874s ]
INFO: [ view_parse ] --END-- [ RunTime:0.022946s ]
INFO: [ view_filter ] --START--
INFO: Run Behavior\WriteHtmlCacheBehavior [ RunTime:0.001085s ]
INFO: [ view_filter ] --END-- [ RunTime:0.001133s ]
INFO: [ app_end ] --START--
INFO: Run Behavior\ShowPageTraceBehavior [ RunTime:0.001098s ]
INFO: [ app_end ] --END-- [ RunTime:0.001155s ]

[ 2017-12-21T08:36:43+08:00 ] ::1 /pet/index.php/Home/Pet/index/tid/4.html
INFO: [ app_init ] --START--
INFO: Run Behavior\BuildLiteBehavior [ RunTime:0.000012s ]
INFO: [ app_init ] --END-- [ RunTime:0.000704s ]
INFO: [ app_begin ] --START--
INFO: Run Behavior\ReadHtmlCacheBehavior [ RunTime:0.000723s ]
INFO: [ app_begin ] --END-- [ RunTime:0.000768s ]
SQL: SHOW COLUMNS FROM `type` [ RunTime:0.0252s ]
SQL: SELECT `tid`,`tname` FROM `type` WHERE ( tid = 0 )  [ RunTime:0.0006s ]
SQL: SELECT `tid`,`tname` FROM `type` WHERE ( pid=0 )  [ RunTime:0.0008s ]
SQL: SELECT `tname` FROM `type` WHERE ( tid = 4 ) LIMIT 1   [ RunTime:0.0004s ]
SQL: SELECT * FROM `type` WHERE ( status=1 and pid = 4 )  [ RunTime:0.0004s ]
INFO: [ view_parse ] --START--
INFO: [ template_filter ] --START--
INFO: Run Behavior\ContentReplaceBehavior [ RunTime:0.000084s ]
INFO: [ template_filter ] --END-- [ RunTime:0.000125s ]
INFO: Run Behavior\ParseTemplateBehavior [ RunTime:0.010943s ]
INFO: [ view_parse ] --END-- [ RunTime:0.010993s ]
INFO: [ view_filter ] --START--
INFO: Run Behavior\WriteHtmlCacheBehavior [ RunTime:0.000859s ]
INFO: [ view_filter ] --END-- [ RunTime:0.000937s ]
INFO: [ app_end ] --START--
INFO: Run Behavior\ShowPageTraceBehavior [ RunTime:0.001256s ]
INFO: [ app_end ] --END-- [ RunTime:0.001323s ]

[ 2017-12-21T08:36:49+08:00 ] ::1 /pet/index.php/Home/Pet/index/tid/31.html
INFO: [ app_init ] --START--
INFO: Run Behavior\BuildLiteBehavior [ RunTime:0.000014s ]
INFO: [ app_init ] --END-- [ RunTime:0.000793s ]
INFO: [ app_begin ] --START--
INFO: Run Behavior\ReadHtmlCacheBehavior [ RunTime:0.000849s ]
INFO: [ app_begin ] --END-- [ RunTime:0.000902s ]
SQL: SHOW COLUMNS FROM `type` [ RunTime:0.0068s ]
SQL: SELECT `tid`,`tname` FROM `type` WHERE ( tid = 0 )  [ RunTime:0.0006s ]
SQL: SELECT `tid`,`tname` FROM `type` WHERE ( pid=0 )  [ RunTime:0.0005s ]
SQL: SELECT `tname` FROM `type` WHERE ( tid = 31 ) LIMIT 1   [ RunTime:0.0003s ]
SQL: SELECT * FROM `type` WHERE ( status=1 and pid = 31 )  [ RunTime:0.0004s ]
INFO: [ view_parse ] --START--
INFO: [ template_filter ] --START--
INFO: Run Behavior\ContentReplaceBehavior [ RunTime:0.000082s ]
INFO: [ template_filter ] --END-- [ RunTime:0.000125s ]
INFO: Run Behavior\ParseTemplateBehavior [ RunTime:0.010961s ]
INFO: [ view_parse ] --END-- [ RunTime:0.011014s ]
INFO: [ view_filter ] --START--
INFO: Run Behavior\WriteHtmlCacheBehavior [ RunTime:0.000684s ]
INFO: [ view_filter ] --END-- [ RunTime:0.000726s ]
INFO: [ app_end ] --START--
INFO: Run Behavior\ShowPageTraceBehavior [ RunTime:0.002675s ]
INFO: [ app_end ] --END-- [ RunTime:0.002755s ]

[ 2017-12-21T08:36:59+08:00 ] ::1 /pet/index.php/Home/Team/index.html
INFO: [ app_init ] --START--
INFO: Run Behavior\BuildLiteBehavior [ RunTime:0.000011s ]
INFO: [ app_init ] --END-- [ RunTime:0.000700s ]
INFO: [ app_begin ] --START--
INFO: Run Behavior\ReadHtmlCacheBehavior [ RunTime:0.000732s ]
INFO: [ app_begin ] --END-- [ RunTime:0.000774s ]
INFO: [ view_parse ] --START--
INFO: [ template_filter ] --START--
INFO: Run Behavior\ContentReplaceBehavior [ RunTime:0.000205s ]
INFO: [ template_filter ] --END-- [ RunTime:0.000306s ]
INFO: Run Behavior\ParseTemplateBehavior [ RunTime:0.036482s ]
INFO: [ view_parse ] --END-- [ RunTime:0.036545s ]
INFO: [ view_filter ] --START--
INFO: Run Behavior\WriteHtmlCacheBehavior [ RunTime:0.000654s ]
INFO: [ view_filter ] --END-- [ RunTime:0.000688s ]
INFO: [ app_end ] --START--
INFO: Run Behavior\ShowPageTraceBehavior [ RunTime:0.001191s ]
INFO: [ app_end ] --END-- [ RunTime:0.001252s ]

[ 2017-12-21T08:37:15+08:00 ] ::1 /pet/index.php/Home/Login/index.html
INFO: [ app_init ] --START--
INFO: Run Behavior\BuildLiteBehavior [ RunTime:0.000024s ]
INFO: [ app_init ] --END-- [ RunTime:0.000816s ]
INFO: [ app_begin ] --START--
INFO: Run Behavior\ReadHtmlCacheBehavior [ RunTime:0.000759s ]
INFO: [ app_begin ] --END-- [ RunTime:0.000813s ]
INFO: [ view_parse ] --START--
INFO: [ template_filter ] --START--
INFO: Run Behavior\ContentReplaceBehavior [ RunTime:0.000064s ]
INFO: [ template_filter ] --END-- [ RunTime:0.000159s ]
INFO: Run Behavior\ParseTemplateBehavior [ RunTime:0.038286s ]
INFO: [ view_parse ] --END-- [ RunTime:0.038374s ]
INFO: [ view_filter ] --START--
INFO: Run Behavior\WriteHtmlCacheBehavior [ RunTime:0.001185s ]
INFO: [ view_filter ] --END-- [ RunTime:0.001266s ]
INFO: [ app_end ] --START--
INFO: Run Behavior\ShowPageTraceBehavior [ RunTime:0.002035s ]
INFO: [ app_end ] --END-- [ RunTime:0.002118s ]

[ 2017-12-21T08:37:21+08:00 ] ::1 /pet/index.php/Home/Team/index.html
INFO: [ app_init ] --START--
INFO: Run Behavior\BuildLiteBehavior [ RunTime:0.000012s ]
INFO: [ app_init ] --END-- [ RunTime:0.000615s ]
INFO: [ app_begin ] --START--
INFO: Run Behavior\ReadHtmlCacheBehavior [ RunTime:0.000908s ]
INFO: [ app_begin ] --END-- [ RunTime:0.000974s ]
INFO: [ view_parse ] --START--
INFO: [ template_filter ] --START--
INFO: Run Behavior\ContentReplaceBehavior [ RunTime:0.000115s ]
INFO: [ template_filter ] --END-- [ RunTime:0.000169s ]
INFO: Run Behavior\ParseTemplateBehavior [ RunTime:0.012726s ]
INFO: [ view_parse ] --END-- [ RunTime:0.012778s ]
INFO: [ view_filter ] --START--
INFO: Run Behavior\WriteHtmlCacheBehavior [ RunTime:0.000564s ]
INFO: [ view_filter ] --END-- [ RunTime:0.000599s ]
INFO: [ app_end ] --START--
INFO: Run Behavior\ShowPageTraceBehavior [ RunTime:0.002531s ]
INFO: [ app_end ] --END-- [ RunTime:0.002590s ]

[ 2017-12-21T09:02:23+08:00 ] ::1 /pet/index.php/Home/Shop/index.html
INFO: [ app_init ] --START--
INFO: Run Behavior\BuildLiteBehavior [ RunTime:0.000022s ]
INFO: [ app_init ] --END-- [ RunTime:0.000905s ]
INFO: [ app_begin ] --START--
INFO: Run Behavior\ReadHtmlCacheBehavior [ RunTime:0.001244s ]
INFO: [ app_begin ] --END-- [ RunTime:0.001309s ]
SQL: SHOW COLUMNS FROM `goods` [ RunTime:0.0614s ]
SQL: SELECT * FROM `goods` WHERE ( goods_status=1 ) ORDER BY sort desc LIMIT 0,15   [ RunTime:0.0400s ]
SQL: SELECT * FROM `goods` WHERE ( goods_status=1 )  [ RunTime:0.0379s ]
INFO: [ view_parse ] --START--
INFO: [ template_filter ] --START--
INFO: Run Behavior\ContentReplaceBehavior [ RunTime:0.001081s ]
INFO: [ template_filter ] --END-- [ RunTime:0.001141s ]
NOTIC: [8] Undefined index: coll D:\phpStudy\WWW\pet\APPS\Runtime\Cache\Home\e6734394a9ebdcb0ad84f5c6a6736595.php 第 149 行.
INFO: Run Behavior\ParseTemplateBehavior [ RunTime:0.100471s ]
INFO: [ view_parse ] --END-- [ RunTime:0.100537s ]
INFO: [ view_filter ] --START--
INFO: Run Behavior\WriteHtmlCacheBehavior [ RunTime:0.001184s ]
INFO: [ view_filter ] --END-- [ RunTime:0.001231s ]
INFO: [ app_end ] --START--
INFO: Run Behavior\ShowPageTraceBehavior [ RunTime:0.003684s ]
INFO: [ app_end ] --END-- [ RunTime:0.003759s ]

[ 2017-12-21T09:02:23+08:00 ] ::1 /pet/index.php/Home/Team/index.html
INFO: [ app_init ] --START--
INFO: Run Behavior\BuildLiteBehavior [ RunTime:0.000034s ]
INFO: [ app_init ] --END-- [ RunTime:0.032877s ]
INFO: [ app_begin ] --START--
INFO: Run Behavior\ReadHtmlCacheBehavior [ RunTime:0.001276s ]
INFO: [ app_begin ] --END-- [ RunTime:0.001344s ]
INFO: [ view_parse ] --START--
INFO: [ template_filter ] --START--
INFO: Run Behavior\ContentReplaceBehavior [ RunTime:0.000134s ]
INFO: [ template_filter ] --END-- [ RunTime:0.000194s ]
INFO: Run Behavior\ParseTemplateBehavior [ RunTime:0.037307s ]
INFO: [ view_parse ] --END-- [ RunTime:0.037374s ]
INFO: [ view_filter ] --START--
INFO: Run Behavior\WriteHtmlCacheBehavior [ RunTime:0.000849s ]
INFO: [ view_filter ] --END-- [ RunTime:0.000901s ]
INFO: [ app_end ] --START--
INFO: Run Behavior\ShowPageTraceBehavior [ RunTime:0.001359s ]
INFO: [ app_end ] --END-- [ RunTime:0.001425s ]

